\BOOKMARK [1][-]{section.1}{Introduction}{}% 1
\BOOKMARK [1][-]{section.2}{Roofline}{}% 2
\BOOKMARK [2][-]{subsection.2.1}{Machine Profiles}{section.2}% 3
\BOOKMARK [3][-]{subsubsection.2.1.1}{Performance Peaks}{subsection.2.1}% 4
\BOOKMARK [3][-]{subsubsection.2.1.2}{Specifications}{subsection.2.1}% 5
\BOOKMARK [1][-]{section.3}{sdjfdsfhsdk}{}% 6
\BOOKMARK [2][-]{subsection.3.1}{Roofline Model}{section.3}% 7
\BOOKMARK [3][-]{subsubsection.3.1.1}{MacBook Pro Roofline}{subsection.3.1}% 8
\BOOKMARK [3][-]{subsubsection.3.1.2}{HP Pavillion Roofline}{subsection.3.1}% 9
\BOOKMARK [1][-]{section.4}{PAPI Case Study}{}% 10
\BOOKMARK [2][-]{subsection.4.1}{Problem}{section.4}% 11
\BOOKMARK [2][-]{subsection.4.2}{Algorithm Analysis}{section.4}% 12
\BOOKMARK [2][-]{subsection.4.3}{Tests}{section.4}% 13
\BOOKMARK [3][-]{subsubsection.4.3.1}{Methodology}{subsection.4.3}% 14
\BOOKMARK [3][-]{subsubsection.4.3.2}{Test Cases}{subsection.4.3}% 15
\BOOKMARK [2][-]{subsection.4.4}{Results}{section.4}% 16
\BOOKMARK [3][-]{subsubsection.4.4.1}{Cache Analysis}{subsection.4.4}% 17
\BOOKMARK [2][-]{subsection.4.5}{Going Even Further}{section.4}% 18
\BOOKMARK [1][-]{appendix.A}{CUDA Implementation}{}% 19
\BOOKMARK [1][-]{appendix.B}{Images}{}% 20
