This is pdfTeX, Version 3.1415926-1.40.10 (TeX Live 2009/Debian) (format=latex 2012.11.14)  5 JAN 2013 21:32
entering extended mode
 %&-line parsing enabled.
**reference-manual.tex
(./reference-manual.tex
LaTeX2e <2009/09/24>
Babel <v3.8l> and hyphenation patterns for english, usenglishmax, dumylang, noh
yphenation, loaded.
(/usr/share/texmf-texlive/tex/latex/base/book.cls
Document Class: book 2007/10/19 v1.4h Standard LaTeX document class
(/usr/share/texmf-texlive/tex/latex/base/bk12.clo
File: bk12.clo 2007/10/19 v1.4h Standard LaTeX file (size option)
)
\c@part=\count79
\c@chapter=\count80
\c@section=\count81
\c@subsection=\count82
\c@subsubsection=\count83
\c@paragraph=\count84
\c@subparagraph=\count85
\c@figure=\count86
\c@table=\count87
\abovecaptionskip=\skip41
\belowcaptionskip=\skip42
\bibindent=\dimen102
)
(/usr/share/texmf-texlive/tex/latex/amsfonts/amssymb.sty
Package: amssymb 2009/06/22 v3.00

(/usr/share/texmf-texlive/tex/latex/amsfonts/amsfonts.sty
Package: amsfonts 2009/06/22 v3.00 Basic AMSFonts support
\@emptytoks=\toks14
\symAMSa=\mathgroup4
\symAMSb=\mathgroup5
LaTeX Font Info:    Overwriting math alphabet `\mathfrak' in version `bold'
(Font)                  U/euf/m/n --> U/euf/b/n on input line 96.
))
(/usr/share/texmf-texlive/tex/latex/amsmath/amsmath.sty
Package: amsmath 2000/07/18 v2.13 AMS math features
\@mathmargin=\skip43

For additional information on amsmath, use the `?' option.
(/usr/share/texmf-texlive/tex/latex/amsmath/amstext.sty
Package: amstext 2000/06/29 v2.01

(/usr/share/texmf-texlive/tex/latex/amsmath/amsgen.sty
File: amsgen.sty 1999/11/30 v2.0
\@emptytoks=\toks15
\ex@=\dimen103
))
(/usr/share/texmf-texlive/tex/latex/amsmath/amsbsy.sty
Package: amsbsy 1999/11/29 v1.2d
\pmbraise@=\dimen104
)
(/usr/share/texmf-texlive/tex/latex/amsmath/amsopn.sty
Package: amsopn 1999/12/14 v2.01 operator names
)
\inf@bad=\count88
LaTeX Info: Redefining \frac on input line 211.
\uproot@=\count89
\leftroot@=\count90
LaTeX Info: Redefining \overline on input line 307.
\classnum@=\count91
\DOTSCASE@=\count92
LaTeX Info: Redefining \ldots on input line 379.
LaTeX Info: Redefining \dots on input line 382.
LaTeX Info: Redefining \cdots on input line 467.
\Mathstrutbox@=\box26
\strutbox@=\box27
\big@size=\dimen105
LaTeX Font Info:    Redeclaring font encoding OML on input line 567.
LaTeX Font Info:    Redeclaring font encoding OMS on input line 568.
\macc@depth=\count93
\c@MaxMatrixCols=\count94
\dotsspace@=\muskip10
\c@parentequation=\count95
\dspbrk@lvl=\count96
\tag@help=\toks16
\row@=\count97
\column@=\count98
\maxfields@=\count99
\andhelp@=\toks17
\eqnshift@=\dimen106
\alignsep@=\dimen107
\tagshift@=\dimen108
\tagwidth@=\dimen109
\totwidth@=\dimen110
\lineht@=\dimen111
\@envbody=\toks18
\multlinegap=\skip44
\multlinetaggap=\skip45
\mathdisplay@stack=\toks19
LaTeX Info: Redefining \[ on input line 2666.
LaTeX Info: Redefining \] on input line 2667.
)
(/usr/share/texmf-texlive/tex/latex/graphics/graphicx.sty
Package: graphicx 1999/02/16 v1.0f Enhanced LaTeX Graphics (DPC,SPQR)

(/usr/share/texmf-texlive/tex/latex/graphics/keyval.sty
Package: keyval 1999/03/16 v1.13 key=value parser (DPC)
\KV@toks@=\toks20
)
(/usr/share/texmf-texlive/tex/latex/graphics/graphics.sty
Package: graphics 2009/02/05 v1.0o Standard LaTeX Graphics (DPC,SPQR)

(/usr/share/texmf-texlive/tex/latex/graphics/trig.sty
Package: trig 1999/03/16 v1.09 sin cos tan (DPC)
)
(/etc/texmf/tex/latex/config/graphics.cfg
File: graphics.cfg 2009/08/28 v1.8 graphics configuration of TeX Live
)
Package graphics Info: Driver file: dvips.def on input line 91.

(/usr/share/texmf-texlive/tex/latex/graphics/dvips.def
File: dvips.def 1999/02/16 v3.0i Driver-dependant file (DPC,SPQR)
))
\Gin@req@height=\dimen112
\Gin@req@width=\dimen113
)
(/usr/share/texmf/tex/latex/xcolor/xcolor.sty
Package: xcolor 2007/01/21 v2.11 LaTeX color extensions (UK)

(/etc/texmf/tex/latex/config/color.cfg
File: color.cfg 2007/01/18 v1.5 color configuration of teTeX/TeXLive
)
Package xcolor Info: Driver file: dvips.def on input line 225.
Package xcolor Info: Model `cmy' substituted by `cmy0' on input line 1337.
Package xcolor Info: Model `RGB' extended on input line 1353.
Package xcolor Info: Model `HTML' substituted by `rgb' on input line 1355.
Package xcolor Info: Model `Hsb' substituted by `hsb' on input line 1356.
Package xcolor Info: Model `tHsb' substituted by `hsb' on input line 1357.
Package xcolor Info: Model `HSB' substituted by `hsb' on input line 1358.
Package xcolor Info: Model `Gray' substituted by `gray' on input line 1359.
Package xcolor Info: Model `wave' substituted by `hsb' on input line 1360.

(/usr/share/texmf/tex/latex/xcolor/svgnam.def
File: svgnam.def 2007/01/21 v2.11 Predefined colors according to SVG 1.1 (UK)
))
(/usr/share/texmf-texlive/tex/latex/ltxmisc/framed.sty
Package: framed 2007/10/04 v 0.95: framed or shaded text with page breaks
\fb@frw=\dimen114
\fb@frh=\dimen115
\FrameRule=\dimen116
\FrameSep=\dimen117
)
(/usr/share/texmf-texlive/tex/latex/base/makeidx.sty
Package: makeidx 2000/03/29 v1.0m Standard LaTeX package
)
(/usr/share/texmf-texlive/tex/latex/hyperref/hyperref.sty
Package: hyperref 2009/10/09 v6.79a Hypertext links for LaTeX

(/usr/share/texmf-texlive/tex/generic/oberdiek/ifpdf.sty
Package: ifpdf 2009/04/10 v2.0 Provides the ifpdf switch (HO)
Package ifpdf Info: pdfTeX in pdf mode not detected.
)
(/usr/share/texmf-texlive/tex/generic/oberdiek/ifvtex.sty
Package: ifvtex 2008/11/04 v1.4 Switches for detecting VTeX and its modes (HO)
Package ifvtex Info: VTeX not detected.
)
(/usr/share/texmf-texlive/tex/generic/ifxetex/ifxetex.sty
Package: ifxetex 2009/01/23 v0.5 Provides ifxetex conditional
)
(/usr/share/texmf-texlive/tex/latex/oberdiek/hycolor.sty
Package: hycolor 2009/10/02 v1.5 Code for color options of hyperref/bookmark (H
O)

(/usr/share/texmf-texlive/tex/latex/oberdiek/xcolor-patch.sty
Package: xcolor-patch 2009/10/02 xcolor patch
))
\@linkdim=\dimen118
\Hy@linkcounter=\count100
\Hy@pagecounter=\count101

(/usr/share/texmf-texlive/tex/latex/hyperref/pd1enc.def
File: pd1enc.def 2009/10/09 v6.79a Hyperref: PDFDocEncoding definition (HO)
)
(/usr/share/texmf-texlive/tex/generic/oberdiek/etexcmds.sty
Package: etexcmds 2007/12/12 v1.2 Prefix for e-TeX command names (HO)

(/usr/share/texmf-texlive/tex/generic/oberdiek/infwarerr.sty
Package: infwarerr 2007/09/09 v1.2 Providing info/warning/message (HO)
)
Package etexcmds Info: Could not find \expanded.
(etexcmds)             That can mean that you are not using pdfTeX 1.50 or
(etexcmds)             that some package has redefined \expanded.
(etexcmds)             In the latter case, load this package earlier.
)
(/usr/share/texmf-texlive/tex/latex/latexconfig/hyperref.cfg
File: hyperref.cfg 2002/06/06 v1.2 hyperref configuration of TeXLive
)
(/usr/share/texmf-texlive/tex/latex/oberdiek/kvoptions.sty
Package: kvoptions 2009/08/13 v3.4 Keyval support for LaTeX options (HO)

(/usr/share/texmf-texlive/tex/generic/oberdiek/kvsetkeys.sty
Package: kvsetkeys 2009/07/30 v1.5 Key value parser with default handler suppor
t (HO)
))
Package hyperref Info: Hyper figures OFF on input line 2975.
Package hyperref Info: Link nesting OFF on input line 2980.
Package hyperref Info: Hyper index ON on input line 2983.
Package hyperref Info: Plain pages OFF on input line 2990.
Package hyperref Info: Backreferencing OFF on input line 2995.

Implicit mode ON; LaTeX internals redefined
Package hyperref Info: Bookmarks ON on input line 3191.
(/usr/share/texmf-texlive/tex/latex/ltxmisc/url.sty
\Urlmuskip=\muskip11
Package: url 2006/04/12  ver 3.3  Verb mode for urls, etc.
)
LaTeX Info: Redefining \url on input line 3428.

(/usr/share/texmf-texlive/tex/generic/oberdiek/bitset.sty
Package: bitset 2007/09/28 v1.0 Data type bit set (HO)

(/usr/share/texmf-texlive/tex/generic/oberdiek/intcalc.sty
Package: intcalc 2007/09/27 v1.1 Expandable integer calculations (HO)
)
(/usr/share/texmf-texlive/tex/generic/oberdiek/bigintcalc.sty
Package: bigintcalc 2007/11/11 v1.1 Expandable big integer calculations (HO)

(/usr/share/texmf-texlive/tex/generic/oberdiek/pdftexcmds.sty
Package: pdftexcmds 2009/09/23 v0.6 LuaTeX support for pdfTeX utility functions
 (HO)

(/usr/share/texmf-texlive/tex/generic/oberdiek/ifluatex.sty
Package: ifluatex 2009/04/17 v1.2 Provides the ifluatex switch (HO)
Package ifluatex Info: LuaTeX not detected.
)
(/usr/share/texmf-texlive/tex/generic/oberdiek/ltxcmds.sty
Package: ltxcmds 2009/08/05 v1.0 Some LaTeX kernel commands for general use (HO
)
)
Package pdftexcmds Info: LuaTeX not detected.
Package pdftexcmds Info: \pdf@primitive is available.
Package pdftexcmds Info: \pdf@ifprimitive is available.
)))
\Fld@menulength=\count102
\Field@Width=\dimen119
\Fld@charsize=\dimen120
\Field@toks=\toks21
Package hyperref Info: Hyper figures OFF on input line 4377.
Package hyperref Info: Link nesting OFF on input line 4382.
Package hyperref Info: Hyper index ON on input line 4385.
Package hyperref Info: backreferencing OFF on input line 4392.
Package hyperref Info: Link coloring OFF on input line 4397.
Package hyperref Info: Link coloring with OCG OFF on input line 4402.
Package hyperref Info: PDF/A mode OFF on input line 4407.

(/usr/share/texmf-texlive/tex/generic/oberdiek/atbegshi.sty
Package: atbegshi 2008/07/31 v1.9 At begin shipout hook (HO)
)
\Hy@abspage=\count103
\c@Item=\count104
\c@Hfootnote=\count105
)
*hyperref using default driver hdvips*
(/usr/share/texmf-texlive/tex/latex/hyperref/hdvips.def
File: hdvips.def 2009/10/09 v6.79a Hyperref driver for dvips

(/usr/share/texmf-texlive/tex/latex/hyperref/pdfmark.def
File: pdfmark.def 2009/10/09 v6.79a Hyperref definitions for pdfmark specials
\pdf@docset=\toks22
\pdf@box=\box28
\pdf@toks=\toks23
\pdf@defaulttoks=\toks24
\Fld@listcount=\count106
))
(/usr/share/texmf-texlive/tex/latex/listings/listings.sty
\lst@mode=\count107
\lst@gtempboxa=\box29
\lst@token=\toks25
\lst@length=\count108
\lst@currlwidth=\dimen121
\lst@column=\count109
\lst@pos=\count110
\lst@lostspace=\dimen122
\lst@width=\dimen123
\lst@newlines=\count111
\lst@lineno=\count112
\lst@maxwidth=\dimen124

(/usr/share/texmf-texlive/tex/latex/listings/lstmisc.sty
File: lstmisc.sty 2007/02/22 1.4 (Carsten Heinz)
\c@lstnumber=\count113
\lst@skipnumbers=\count114
\lst@framebox=\box30
)
(/usr/share/texmf-texlive/tex/latex/listings/listings.cfg
File: listings.cfg 2007/02/22 1.4 listings configuration
))
Package: listings 2007/02/22 1.4 (Carsten Heinz)

(/usr/share/texmf-texlive/tex/latex/pstricks/pstricks.sty
Package: pstricks 2008/11/26 v0.40 LaTeX wrapper for `PSTricks' (RN,HV)

(/usr/share/texmf-texlive/tex/generic/pstricks/pstricks.tex
`PSTricks' v1.29  <2009/05/19> (tvz)
\pst@dima=\dimen125
\pst@dimb=\dimen126
\pst@dimc=\dimen127
\pst@dimd=\dimen128
\pst@dimg=\dimen129
\pst@dimh=\dimen130
\pst@hbox=\box31
\pst@boxg=\box32
\pst@cnta=\count115
\pst@cntb=\count116
\pst@cntc=\count117
\pst@cntd=\count118
\pst@cntg=\count119
\pst@cnth=\count120
\pst@toks=\toks26
(/usr/share/texmf-texlive/tex/generic/pstricks/pstricks.con)
\psunit=\dimen131
\psxunit=\dimen132
\psyunit=\dimen133
\pslinewidth=\dimen134
\pst@customdefs=\toks27
\pslinearc=\dimen135
\everypsbox=\toks28
\psframesep=\dimen136
\pslabelsep=\dimen137
\pst@shift=\dimen138
\theoverlaybox=\box33
)
File: pstricks.tex 2009/05/19 v1.29 `PSTricks' (tvz,hv)
)
(/usr/share/texmf-texlive/tex/latex/pst-grad/pst-grad.sty
Package: pst-grad 2004/07/15 package wrapper for pst-grad.tex (hv)

(/usr/share/texmf-texlive/tex/generic/pst-grad/pst-grad.tex
(/usr/share/texmf-texlive/tex/generic/xkeyval/pst-xkey.tex
File: pst-xkey.tex 2005/11/25 v1.6 PSTricks specialization of xkeyval (HA)

(/usr/share/texmf-texlive/tex/latex/xkeyval/xkeyval.sty
Package: xkeyval 2008/08/13 v2.6a package option processing (HA)

(/usr/share/texmf-texlive/tex/generic/xkeyval/xkeyval.tex
\XKV@toks=\toks29
\XKV@tempa@toks=\toks30
\XKV@depth=\count121
File: xkeyval.tex 2008/08/13 v2.6a key=value parser (HA)
)))
`pst-grad' v1.06, 2006/11/27 (tvz,dg,hv))
File: pst-grad.tex 2006/11/27 1.06 `pst-grad' (tvz)
)
(/usr/share/texmf-texlive/tex/latex/ntheorem/ntheorem.sty
Style `ntheorem', Version 1.25 <2005/07/07>
Package: ntheorem 2005/07/07 1.25
\theorem@style=\toks31
\theorem@@style=\toks32
\theorembodyfont=\toks33
\theoremnumbering=\toks34
\theorempreskipamount=\skip46
\theorempostskipamount=\skip47
\theoremindent=\dimen139
\theorem@indent=\dimen140
\theoremheaderfont=\toks35
\theoremseparator=\toks36
\theoremprework=\toks37
\theorempostwork=\toks38
\theoremsymbol=\toks39
\qedsymbol=\toks40
\theoremkeyword=\toks41
\qedsymbol=\toks42
\thm@topsepadd=\skip48
Package ntheorem Info: Option `thmmarks' loaded on input line 1029.
\c@endNonectr=\count122
\c@currNonectr=\count123
\mysavskip=\skip49
Package ntheorem Info: option `amsmath' handling for `thmmarks' loaded on input
 line 1029.
\thm@amstmpdepth=\dimen141
\shadecolor=\toks43
) (/usr/share/texmf-texlive/tex/latex/base/fontenc.sty
Package: fontenc 2005/09/27 v1.99g Standard LaTeX package

(/usr/share/texmf-texlive/tex/latex/base/ot1enc.def
File: ot1enc.def 2005/09/27 v1.99g Standard LaTeX file
LaTeX Font Info:    Redeclaring font encoding OT1 on input line 43.
))
\c@currDescriptionctr=\count124
\c@endDescriptionctr=\count125
\c@Description=\count126
 (./reference-manual.aux)
\openout1 = `reference-manual.aux'.

LaTeX Font Info:    Checking defaults for OML/cmm/m/it on input line 53.
LaTeX Font Info:    ... okay on input line 53.
LaTeX Font Info:    Checking defaults for T1/cmr/m/n on input line 53.
LaTeX Font Info:    ... okay on input line 53.
LaTeX Font Info:    Checking defaults for OT1/cmr/m/n on input line 53.
LaTeX Font Info:    ... okay on input line 53.
LaTeX Font Info:    Checking defaults for OMS/cmsy/m/n on input line 53.
LaTeX Font Info:    ... okay on input line 53.
LaTeX Font Info:    Checking defaults for OMX/cmex/m/n on input line 53.
LaTeX Font Info:    ... okay on input line 53.
LaTeX Font Info:    Checking defaults for U/cmr/m/n on input line 53.
LaTeX Font Info:    ... okay on input line 53.
LaTeX Font Info:    Checking defaults for PD1/pdf/m/n on input line 53.
LaTeX Font Info:    ... okay on input line 53.
Package hyperref Info: Link coloring OFF on input line 53.

(/usr/share/texmf-texlive/tex/latex/hyperref/nameref.sty
Package: nameref 2007/05/29 v2.31 Cross-referencing by name of section

(/usr/share/texmf-texlive/tex/latex/oberdiek/refcount.sty
Package: refcount 2008/08/11 v3.1 Data extraction from references (HO)
)
\c@section@level=\count127
)
LaTeX Info: Redefining \ref on input line 53.
LaTeX Info: Redefining \pageref on input line 53.

(./reference-manual.out) (./reference-manual.out)
\@outlinefile=\write3
\openout3 = `reference-manual.out'.

\AtBeginShipoutBox=\box34
\c@lstlisting=\count128

(/usr/share/texmf-texlive/tex/latex/listings/lstlang1.sty
File: lstlang1.sty 2004/09/05 1.3 listings language file
)
(/usr/share/texmf-texlive/tex/latex/listings/lstlang1.sty
File: lstlang1.sty 2004/09/05 1.3 listings language file
)
(/usr/share/texmf-texlive/tex/latex/listings/lstmisc.sty
File: lstmisc.sty 2007/02/22 1.4 (Carsten Heinz)
) [1

] [2

] [3] [4]
LaTeX Font Info:    Try loading font information for OMS+cmr on input line 80.

(/usr/share/texmf-texlive/tex/latex/base/omscmr.fd
File: omscmr.fd 1999/05/25 v2.5h Standard LaTeX font definitions
)
LaTeX Font Info:    Font shape `OMS/cmr/m/n' in size <12> not available
(Font)              Font shape `OMS/cmsy/m/n' tried instead on input line 80.
 [5] [6

]
Chapter 1.
[7]

LaTeX Font Warning: Font shape `OT1/cmr/bx/sc' undefined
(Font)              using `OT1/cmr/bx/n' instead on input line 118.

LaTeX Font Info:    Try loading font information for U+msa on input line 118.
(/usr/share/texmf-texlive/tex/latex/amsfonts/umsa.fd
File: umsa.fd 2009/06/22 v3.00 AMS symbols A
)
LaTeX Font Info:    Try loading font information for U+msb on input line 118.

(/usr/share/texmf-texlive/tex/latex/amsfonts/umsb.fd
File: umsb.fd 2009/06/22 v3.00 AMS symbols B
)
(/usr/share/texmf-texlive/tex/latex/listings/lstlang1.sty
File: lstlang1.sty 2004/09/05 1.3 listings language file
)
(/usr/share/texmf-texlive/tex/latex/listings/lstmisc.sty
File: lstmisc.sty 2007/02/22 1.4 (Carsten Heinz)
)
Underfull \hbox (badness 10000) in paragraph at lines 121--122

 []

Package hyperref Info: bookmark level for unknown lstlisting defaults to 0 on i
nput line 122.
(./data/mesh1D.xml)
Underfull \hbox (badness 10000) in paragraph at lines 123--124

 []

(./data/mesh2D.xml [8]
Underfull \vbox (badness 10000) has occurred while \output is active []

 [9])
Underfull \hbox (badness 10000) in paragraph at lines 125--126

 []

(./data/mesh3D.xml [10]) [11] (./data/vector.xml
Overfull \hbox (77.20769pt too wide) in paragraph at lines 4--5
[][][][][][][][][][][][][][][][][][][][][][][][][][][][] 
 []


Overfull \hbox (77.20769pt too wide) in paragraph at lines 5--6
[][][][][][][][][][][][][][][][][][][][][][][][][][][][] 
 []


Overfull \hbox (58.30772pt too wide) in paragraph at lines 8--9
[][][][][][][][][][][][][][][][][][][][][][][][][][][][][][][][][][][][][][][][
][][][][][][][][][][][][][][][][][][][][][][][][][][][][][][] 
 []


Overfull \hbox (64.60771pt too wide) in paragraph at lines 9--10
[][][][][][][][][][][][][][][][][][][][][][][][] 
 []


Overfull \hbox (64.60771pt too wide) in paragraph at lines 10--11
[][][][][][][][][][][][][][][][][][][][][][][][] 
 []


Overfull \hbox (64.60771pt too wide) in paragraph at lines 11--12
[][][][][][][][][][][][][][][][][][][][][][][][] 
 []


Overfull \hbox (64.60771pt too wide) in paragraph at lines 12--13
[][][][][][][][][][][][][][][][][][][][][][][][] 
 []


Overfull \hbox (64.60771pt too wide) in paragraph at lines 13--14
[][][][][][][][][][][][][][][][][][][][][][][][] 
 []


Overfull \hbox (64.60771pt too wide) in paragraph at lines 15--16
[][][][][][][][][][][][][][][][][][][][][][][][][][][][][][][][][][][][][][][][
][][][][][][][][][][][][][][][][][][][][][][][][][][][][][][] 
 []


Overfull \hbox (58.30772pt too wide) in paragraph at lines 16--17
[][][][][][][][][][][][][][][][][][][][][][] 
 []


Overfull \hbox (58.30772pt too wide) in paragraph at lines 17--18
[][][][][][][][][][][][][][][][][][][][][][] 
 []


Overfull \hbox (58.30772pt too wide) in paragraph at lines 18--19
[][][][][][][][][][][][][][][][][][][][][][] 
 []


Overfull \hbox (58.30772pt too wide) in paragraph at lines 19--20
[][][][][][][][][][][][][][][][][][][][][][] 
 []


Overfull \hbox (58.30772pt too wide) in paragraph at lines 20--21
[][][][][][][][][][][][][][][][][][][][][][] 
 []


Overfull \hbox (58.30772pt too wide) in paragraph at lines 21--22
[][][][][][][][][][][][][][][][][][][][][][] 
 []


Overfull \hbox (58.30772pt too wide) in paragraph at lines 22--23
[][][][][][][][][][][][][][][][][][][][][][] 
 []

) [12] (./data/parameter.xml
Overfull \hbox (39.40776pt too wide) in paragraph at lines 6--7
[][][][][][][][][][][][][][][][][][][][][][][][][][][][][][][][][][][][][][][][
][][][][][][][][][][][][][][][][][][][] 
 []


Overfull \hbox (45.70775pt too wide) in paragraph at lines 7--8
[][][][][][][][][][][][][][][][][][][][][][][][][][][][][][][][][][][][][][][][
][][][][][][][][][][][][][][][][][][][] 
 []


Overfull \hbox (64.60771pt too wide) in paragraph at lines 9--10
[][][][][][][][][][][][][][][][][][][][][][][][][][][][][][][][][][][][][][][][
][][][][][][][][][][][][][][][][][][][] 
 []


Overfull \hbox (64.60771pt too wide) in paragraph at lines 10--11
[][][][][][][][][][][][][][][][][][][][][][][][][][][][][][][][][][][][][][][][
][][][][][][][][][][][][][][][][][][][] 
 []

) [13] (./data/table.xml [14]) [15] [16

]
Chapter 2.
[17] [18]
Underfull \hbox (badness 10000) in paragraph at lines 211--212

 []

[19]
Package hyperref Info: bookmark level for unknown Description defaults to 0 on 
input line 220.

Overfull \hbox (39.14641pt too wide) in paragraph at lines 223--248
\OT1/cmr/m/n/12 Pointer ta-ble to the ver-tices of the cell from 0 to []\OT1/cm
tt/m/n/12 nb[]vertex[]\OT1/cmr/m/n/12 -1. NB[]VERTEX[]PER[]CELL[]2D
 []


Overfull \hbox (0.12169pt too wide) in paragraph at lines 223--248
\OT1/cmr/m/n/12 Pointer ta-ble to the edges of the cell from 0 to []\OT1/cmtt/m
/n/12 nb[]edge[]\OT1/cmr/m/n/12 -1. NB[]EDGE[]PER[]CELL[]2D
 []

[20]
Underfull \hbox (badness 10000) in paragraph at lines 294--295

 []

[21]
Overfull \hbox (20.5078pt too wide) in paragraph at lines 301--302
[][][][][][][][][][][][][][][][][][][][][][][][][][][][][][][][][][][][][][][][
][][][][][][][][][] 
 []

[22]
Overfull \hbox (39.14641pt too wide) in paragraph at lines 324--349
\OT1/cmr/m/n/12 Pointer ta-ble to the ver-tices of the cell from 0 to []\OT1/cm
tt/m/n/12 nb[]vertex[]\OT1/cmr/m/n/12 -1. NB[]VERTEX[]PER[]CELL[]3D
 []

[23]
Underfull \vbox (badness 10000) has occurred while \output is active []

 [24]
Overfull \hbox (20.5078pt too wide) in paragraph at lines 404--405
[][][][][][][][][][][][][][][][][][][][][][][][][][][][][][][][][][][][][][][][
][][][][][][][][][] 
 []

[25]
Underfull \hbox (badness 10000) in paragraph at lines 428--448

 []


Underfull \hbox (badness 10000) in paragraph at lines 449--476

 []

[26] [27]
Underfull \hbox (badness 10000) in paragraph at lines 493--508

 []


Underfull \hbox (badness 10000) in paragraph at lines 510--537

 []

[28] [29]
Overfull \hbox (42.24498pt too wide) in paragraph at lines 554--581
\OT1/cmr/m/n/12 Pointer ta-ble to the ver-tices of the face from 0 to []\OT1/cm
tt/m/n/12 nb[]vertex[]\OT1/cmr/m/n/12 -1. NB[]VERTEX[]PER[]FACE[]3D
 []


Overfull \hbox (3.22026pt too wide) in paragraph at lines 554--581
\OT1/cmr/m/n/12 Pointer ta-ble to the edges of the face from 0 to []\OT1/cmtt/m
/n/12 nb[]edge[]\OT1/cmr/m/n/12 -1. NB[]EDGE[]PER[]FACE[]3D
 []


Underfull \hbox (badness 10000) in paragraph at lines 554--581

 []


Underfull \hbox (badness 10000) in paragraph at lines 582--621

 []

[30]
Underfull \vbox (badness 10000) has occurred while \output is active []

 [31]
Overfull \hbox (52.00774pt too wide) in paragraph at lines 633--634
[][][][][][][][][][][][][][][][][][][][][][][][][][][][][][][][][][][][][][][][
][][][][][][][][][][][][][][][][][][][][][][][] 
 []

[32] [33] [34] [35] [36] [37] [38] [39] [40]

LaTeX Warning: Hyper reference `FVCVertex3D' on page 41 undefined on input line
 1072.


Underfull \hbox (badness 10000) in paragraph at lines 941--1095

 []

[41]
Underfull \vbox (badness 10000) has occurred while \output is active []

 [42]
Underfull \vbox (badness 10000) has occurred while \output is active []

 [43]
Underfull \vbox (badness 10000) has occurred while \output is active []

 [44]
Underfull \hbox (badness 10000) in paragraph at lines 1100--1101

 []

[45]
Underfull \hbox (badness 10000) in paragraph at lines 1127--1129

 []


Underfull \hbox (badness 10000) in paragraph at lines 1131--1133

 []


Overfull \hbox (11.86493pt too wide) in paragraph at lines 1134--1234
\OT1/cmr/m/n/12 Set the re-con-struc-tion type. Pa-ram-e-ter []\OT1/cmtt/m/n/12
 rec[]type[] \OT1/cmr/m/n/12 will be set to REC[]CONSERVATIVE
 []


Overfull \hbox (22.83385pt too wide) in paragraph at lines 1134--1234
\OT1/cmr/m/n/12 ma-trix as-so-ci-ated to the ver-tex. Data must be pro-vided vi
a meth-ods []\OT1/cmtt/m/n/12 setVectorVertex1D[]
 []


Overfull \hbox (1.65701pt too wide) in paragraph at lines 1134--1234
\OT1/cmr/m/n/12 tion of the re-con-struc-tion type value pre-scribed by method 
[]\OT1/cmtt/m/n/12 setReconstructionType[]\OT1/cmr/m/n/12 . 
 []


Underfull \hbox (badness 10000) in paragraph at lines 1134--1234

 []

[46]
Underfull \vbox (badness 10000) has occurred while \output is active []

 [47]
Underfull \hbox (badness 10000) in paragraph at lines 1237--1238

 []

[48]
Underfull \hbox (badness 10000) in paragraph at lines 1249--1251

 []


Overfull \hbox (11.86493pt too wide) in paragraph at lines 1252--1356
\OT1/cmr/m/n/12 Set the re-con-struc-tion type. Pa-ram-e-ter []\OT1/cmtt/m/n/12
 rec[]type[] \OT1/cmr/m/n/12 will be set to REC[]CONSERVATIVE
 []


Overfull \hbox (26.0977pt too wide) in paragraph at lines 1252--1356
\OT1/cmr/m/n/12 ma-trix as-so-ci-ated to the ver-tex. Data must be pro-vided vi
a meth-ods []\OT1/cmtt/m/n/12 setVectorVertex2D[]\OT1/cmr/m/n/12 ,
 []


Overfull \hbox (1.65701pt too wide) in paragraph at lines 1252--1356
\OT1/cmr/m/n/12 tion of the re-con-struc-tion type value pre-scribed by method 
[]\OT1/cmtt/m/n/12 setReconstructionType[]\OT1/cmr/m/n/12 . 
 []


Overfull \hbox (4.24033pt too wide) in paragraph at lines 1252--1356
\OT1/cmr/m/n/12 Re-turn the power $\OML/cmm/m/it/12 \OT1/cmr/m/n/12 (\OML/cmm/
m/it/12 k\OT1/cmr/m/n/12 ) = (\OML/cmm/m/it/12 []; []\OT1/cmr/m/n/12 )$ as-so
-ci-ated to the mono-mial $\OML/cmm/m/it/12 p\OT1/cmr/m/n/12 (\OML/cmm/m/it/12 
x[]; x[]\OT1/cmr/m/n/12 ) = (\OML/cmm/m/it/12 x[]\OT1/cmr/m/n/12 )[](\OML/cmm/m
/it/12 x[]\OT1/cmr/m/n/12 )[]$
 []


Underfull \hbox (badness 10000) in paragraph at lines 1252--1356

 []

[49]
Underfull \vbox (badness 10000) has occurred while \output is active []

 [50]
Underfull \vbox (badness 10000) has occurred while \output is active []

 [51]
[52]
Underfull \hbox (badness 10000) in paragraph at lines 1367--1369

 []


Overfull \hbox (11.86493pt too wide) in paragraph at lines 1370--1425
\OT1/cmr/m/n/12 Set the re-con-struc-tion type. Pa-ram-e-ter []\OT1/cmtt/m/n/12
 rec[]type[] \OT1/cmr/m/n/12 will be set to REC[]CONSERVATIVE
 []


Underfull \hbox (badness 10000) in paragraph at lines 1370--1425

 []

[53]
Overfull \hbox (26.0977pt too wide) in paragraph at lines 1427--1479
\OT1/cmr/m/n/12 ma-trix as-so-ci-ated to the ver-tex. Data must be pro-vided vi
a meth-ods []\OT1/cmtt/m/n/12 setVectorVertex3D[]\OT1/cmr/m/n/12 ,
 []


Overfull \hbox (51.36311pt too wide) in paragraph at lines 1427--1479
\OT1/cmr/m/n/12 Com-pute the co-ef-fi-cient of the poly-no-mial re-con-struc-ti
on. Method []\OT1/cmtt/m/n/12 doNonConservativeMatrix[]
 []


Overfull \hbox (1.09341pt too wide) in paragraph at lines 1427--1479
\OT1/cmr/m/n/12 ver-tex. Data must be pro-vided via meth-ods []\OT1/cmtt/m/n/12
 setVectorVertex3D[]\OT1/cmr/m/n/12 , []\OT1/cmtt/m/n/12 setVectorEdge3D[]\OT1/
cmr/m/n/12 ,
 []


Overfull \hbox (1.65701pt too wide) in paragraph at lines 1427--1479
\OT1/cmr/m/n/12 tion of the re-con-struc-tion type value pre-scribed by method 
[]\OT1/cmtt/m/n/12 setReconstructionType[]\OT1/cmr/m/n/12 . 
 []


Underfull \hbox (badness 10000) in paragraph at lines 1427--1479

 []


Underfull \vbox (badness 10000) has occurred while \output is active []

 [54]
Underfull \vbox (badness 10000) has occurred while \output is active []

 [55]
[56]
Underfull \hbox (badness 10000) in paragraph at lines 1497--1509

 []


Underfull \hbox (badness 10000) in paragraph at lines 1510--1533

 []

[57]
Underfull \hbox (badness 10000) in paragraph at lines 1538--1539

 []

[58]
Overfull \hbox (74.18758pt too wide) in paragraph at lines 1550--1563
\OT1/cmr/m/n/12 Pointer ta-ble to the cells which share the ver-tex from 0 to [
]\OT1/cmtt/m/n/12 nb[]cell[]\OT1/cmr/m/n/12 -1. NB[]CELL[]PER[]VERTEX[]2D
 []


Overfull \hbox (22.30647pt too wide) in paragraph at lines 1550--1563
\OT1/cmr/m/n/12 is the max-i-mum num-ber of cells in con-tact with the ver-tex 
de-fined in file [][][][]. 
 []


Underfull \hbox (badness 10000) in paragraph at lines 1550--1563

 []


Underfull \hbox (badness 10000) in paragraph at lines 1564--1587

 []

[59] [60]
Overfull \hbox (74.18758pt too wide) in paragraph at lines 1605--1618
\OT1/cmr/m/n/12 Pointer ta-ble to the cells which share the ver-tex from 0 to [
]\OT1/cmtt/m/n/12 nb[]cell[]\OT1/cmr/m/n/12 -1. NB[]CELL[]PER[]VERTEX[]3D
 []


Overfull \hbox (22.30647pt too wide) in paragraph at lines 1605--1618
\OT1/cmr/m/n/12 is the max-i-mum num-ber of cells in con-tact with the ver-tex 
de-fined in file [][][][]. 
 []


Underfull \hbox (badness 10000) in paragraph at lines 1605--1618

 []


Underfull \hbox (badness 10000) in paragraph at lines 1619--1642

 []

[61] [62]
Overfull \hbox (27.43282pt too wide) in paragraph at lines 1658--1675
\OT1/cmr/m/n/12 Ta-ble which con-tains the la-bel of the el-e-ment nodes.; GMSH
[]NB[]NODE[]PER[]ELEMENT
 []


Underfull \hbox (badness 10000) in paragraph at lines 1658--1675

 []


Underfull \hbox (badness 10000) in paragraph at lines 1676--1681

 []

[63]
Underfull \hbox (badness 3930) in paragraph at lines 1693--1695
[]\OT1/cmr/m/it/12 Class to han-dle gmsh mesh and out-put for post-processing w
ith gmsh.
 []


Underfull \hbox (badness 10000) in paragraph at lines 1700--1701

 []


Underfull \hbox (badness 10000) in paragraph at lines 1735--1735
[]\OT1/cmtt/m/n/12 void []writeVector[]([][][][]<double> &, const size[]t []typ
e[], const char
 []

[64]
Underfull \hbox (badness 10000) in paragraph at lines 1756--1756
[]\OT1/cmtt/m/n/12 void []writeVector[]([][][][]<double> &, [][][][]<double> &,
 const
 []


Underfull \hbox (badness 10000) in paragraph at lines 1766--1766
[]\OT1/cmtt/m/n/12 void []writeVector[]([][][][]<double> &, [][][][]<double>
 []


Underfull \hbox (badness 10000) in paragraph at lines 1766--1766
\OT1/cmtt/m/n/12 &,[][][][]<double> &, const size[]t []type[], const char *[]na
me[], double
 []


Underfull \hbox (badness 10000) in paragraph at lines 1756--1769

 []

[65] [66

]
Chapter 3.
[67]
Underfull \hbox (badness 10000) in paragraph at lines 1790--1801

 []


Underfull \hbox (badness 10000) in paragraph at lines 1802--1837

 []

[68]
Underfull \hbox (badness 10000) in paragraph at lines 1838--1885

 []


Underfull \vbox (badness 10000) has occurred while \output is active []

 [69]
Underfull \hbox (badness 10000) in paragraph at lines 1894--1901

 []

[70]
Overfull \hbox (52.00774pt too wide) in paragraph at lines 1909--1910
[][][][][][][][][][][][][][][][][] 
 []


Underfull \hbox (badness 10000) in paragraph at lines 1944--1946

 []

[71] [72]
Underfull \hbox (badness 10000) in paragraph at lines 1957--1996

 []

[73] [74] [75] [76] [77] [78]
Chapter 4.
[79

] [80] [81]
Underfull \hbox (badness 1675) in paragraph at lines 2247--2249
[]\OT1/cmr/m/it/12 Class to de-ter-mine the Gauss point for in-te-gra-tion of a
 3D tetra-he-dron.
 []


Overfull \hbox (39.40776pt too wide) in paragraph at lines 2281--2282
[][][][][][][][][][][][][][][][][][][][][][][][][][][][][][][][][][][][][][][][
][] 
 []

[82]
Underfull \hbox (badness 10000) in paragraph at lines 2318--2318
[]\OT1/cmtt/m/n/12 void []put[]([][][][]<double> &[]u[], const double []time[]=
0.,const string
 []


Underfull \hbox (badness 10000) in paragraph at lines 2329--2329
[]\OT1/cmtt/m/n/12 void []put[]([][][][]<double> &[]u[], [][][][]<double> &[]v[
], const double
 []


Underfull \hbox (badness 10000) in paragraph at lines 2338--2338
[]\OT1/cmtt/m/n/12 void []put[]([][][][]<double> &[]u[], [][][][]<double> &[]v[
], [][][][]<double>
 []


Underfull \hbox (badness 10000) in paragraph at lines 2345--2345
[]\OT1/cmtt/m/n/12 void []put[]([][][][]<[][][][]<double> >& []u[], const doubl
e []time[]=0.,
 []


Underfull \hbox (badness 10000) in paragraph at lines 2353--2353
[]\OT1/cmtt/m/n/12 void []put[]([][][][]<[][][][]<double> >& []u[], const doubl
e []time[]=0.,
 []


Underfull \hbox (badness 10000) in paragraph at lines 2361--2361
[]\OT1/cmtt/m/n/12 void []put[]([][][][]<[][][][]<double> >& []u[], const doubl
e []time[]=0.,
 []


Underfull \hbox (badness 10000) in paragraph at lines 2371--2371
[]\OT1/cmtt/m/n/12 void []get[]([][][][]<double> &[]u[], [][][][]<double> &[]v[
], [][][][]<double>
 []


Underfull \hbox (badness 10000) in paragraph at lines 2381--2381
[]\OT1/cmtt/m/n/12 void []get[]([][][][]<double> &[]u[], [][][][]<double> &[]v[
], [][][][]<double>
 []


Underfull \hbox (badness 10000) in paragraph at lines 2390--2390
[]\OT1/cmtt/m/n/12 void []get[]([][][][]<double> &[]u[], [][][][]<double> &[]v[
], [][][][]<double>
 []


Underfull \hbox (badness 10000) in paragraph at lines 2399--2399
[]\OT1/cmtt/m/n/12 void []get[]([][][][]<double> &[]u[], [][][][]<double> &[]v[
], double &[]time[],
 []


Overfull \hbox (12.25887pt too wide) in paragraph at lines 2299--2496
[][][] 
 []


Overfull \hbox (12.25887pt too wide) in paragraph at lines 2299--2496
[][][] 
 []


Overfull \hbox (12.25887pt too wide) in paragraph at lines 2299--2496
[][][] 
 []

[83]
Underfull \vbox (badness 10000) has occurred while \output is active []

 [84]
[85] [86]
Underfull \hbox (badness 10000) in paragraph at lines 2551--2551
[]\OT1/cmtt/m/n/12 template <class T[]> []FVPoint1D[]<T[]> []operator+[] (const
 []FVPoint1D[]<T[]> &[]a[],
 []


Underfull \hbox (badness 10000) in paragraph at lines 2558--2558
[]\OT1/cmtt/m/n/12 template <class T[]> []FVPoint1D[]<T[]> []operator-[] (const
 []FVPoint1D[]<T[]> &[]a[],
 []


Overfull \hbox (19.15pt too wide) in paragraph at lines 2543--2582
[][][] 
 []


Overfull \hbox (19.15pt too wide) in paragraph at lines 2543--2582
[][][] 
 []


Overfull \hbox (79.44289pt too wide) in paragraph at lines 2543--2582
[][][] 
 []


Overfull \hbox (67.09288pt too wide) in paragraph at lines 2543--2582
[][][] 
 []


Overfull \hbox (67.09288pt too wide) in paragraph at lines 2543--2582
[][][] 
 []


Overfull \hbox (67.09288pt too wide) in paragraph at lines 2543--2582
[][][] 
 []


Overfull \hbox (67.09288pt too wide) in paragraph at lines 2543--2582
[][][] 
 []

[87] [88]
Underfull \hbox (badness 10000) in paragraph at lines 2642--2643

 []


Underfull \hbox (badness 10000) in paragraph at lines 2654--2654
[]\OT1/cmtt/m/n/12 template <class T[]> []FVPoint2D[]<T[]> []operator+[] (const
 []FVPoint2D[]<T[]> &[]a[],
 []


Underfull \hbox (badness 10000) in paragraph at lines 2661--2661
[]\OT1/cmtt/m/n/12 template <class T[]> []FVPoint2D[]<T[]> []operator-[] (const
 []FVPoint2D[]<T[]> &[]a[],
 []


Overfull \hbox (30.78387pt too wide) in paragraph at lines 2645--2685
[][][][] 
 []


Overfull \hbox (19.15pt too wide) in paragraph at lines 2645--2685
[][][] 
 []


Overfull \hbox (19.15pt too wide) in paragraph at lines 2645--2685
[][][] 
 []


Overfull \hbox (79.44289pt too wide) in paragraph at lines 2645--2685
[][][] 
 []


Overfull \hbox (67.09288pt too wide) in paragraph at lines 2645--2685
[][][] 
 []


Overfull \hbox (67.09288pt too wide) in paragraph at lines 2645--2685
[][][] 
 []


Overfull \hbox (67.09288pt too wide) in paragraph at lines 2645--2685
[][][] 
 []


Overfull \hbox (67.09288pt too wide) in paragraph at lines 2645--2685
[][][] 
 []

[89] [90]
Underfull \hbox (badness 10000) in paragraph at lines 2746--2747

 []


Underfull \hbox (badness 10000) in paragraph at lines 2754--2754
[]\OT1/cmtt/m/n/12 inline double []Det[](const []FVPoint3D[]<double> &[]u[], co
nst []FVPoint3D[]<double> &[]v[],
 []


Underfull \hbox (badness 10000) in paragraph at lines 2761--2761
[]\OT1/cmtt/m/n/12 inline []FVPoint3D[]<double> []CrossProduct[](const []FVPoin
t3D[]<double> &[]u[],
 []


Underfull \hbox (badness 10000) in paragraph at lines 2770--2770
[]\OT1/cmtt/m/n/12 template <class T[]> []FVPoint3D[]<T[]> []operator+[] (const
 []FVPoint3D[]<T[]> &[]a[],
 []


Underfull \hbox (badness 10000) in paragraph at lines 2777--2777
[]\OT1/cmtt/m/n/12 template <class T[]> []FVPoint3D[]<T[]> []operator-[] (const
 []FVPoint3D[]<T[]> &[]a[],
 []


Overfull \hbox (47.60274pt too wide) in paragraph at lines 2754--2801
[][][][] 
 []


Overfull \hbox (19.15pt too wide) in paragraph at lines 2754--2801
[][][] 
 []


Overfull \hbox (19.15pt too wide) in paragraph at lines 2754--2801
[][][] 
 []


Overfull \hbox (19.15pt too wide) in paragraph at lines 2754--2801
[][][] 
 []


Overfull \hbox (79.44289pt too wide) in paragraph at lines 2754--2801
[][][] 
 []


Overfull \hbox (67.09288pt too wide) in paragraph at lines 2754--2801
[][][] 
 []


Overfull \hbox (67.09288pt too wide) in paragraph at lines 2754--2801
[][][] 
 []


Overfull \hbox (67.09288pt too wide) in paragraph at lines 2754--2801
[][][] 
 []


Overfull \hbox (67.09288pt too wide) in paragraph at lines 2754--2801
[][][] 
 []

[91] [92] [93]
Underfull \hbox (badness 10000) in paragraph at lines 2863--2864

 []


Underfull \hbox (badness 10000) in paragraph at lines 2887--2887
[]\OT1/cmtt/m/n/12 template <class T[]> []FVPoint4D[]<T[]> []operator+[] (const
 []FVPoint4D[]<T[]> &[]a[],
 []


Underfull \hbox (badness 10000) in paragraph at lines 2894--2894
[]\OT1/cmtt/m/n/12 template <class T[]> []FVPoint4D[]<T[]> []operator-[] (const
 []FVPoint4D[]<T[]> &[]a[],
 []


Overfull \hbox (19.15pt too wide) in paragraph at lines 2880--2918
[][][] 
 []


Overfull \hbox (19.15pt too wide) in paragraph at lines 2880--2918
[][][] 
 []


Overfull \hbox (79.44289pt too wide) in paragraph at lines 2880--2918
[][][] 
 []


Overfull \hbox (67.09288pt too wide) in paragraph at lines 2880--2918
[][][] 
 []


Overfull \hbox (67.09288pt too wide) in paragraph at lines 2880--2918
[][][] 
 []


Overfull \hbox (67.09288pt too wide) in paragraph at lines 2880--2918
[][][] 
 []


Overfull \hbox (67.09288pt too wide) in paragraph at lines 2880--2918
[][][] 
 []

[94]
Underfull \hbox (badness 10000) in paragraph at lines 2947--2986

 []

[95] [96] [97] [98]
Chapter 5.
[99

] (../include/FVLib_config.h [100]) (../include/FVGlobal.h
Overfull \hbox (14.20781pt too wide) in paragraph at lines 4--5
[][][][][][][][][][][][][][][][][][][][][][][][][][][][][][][][][][][][] 
 []

) [101] [102

] [103] [104]
\tf@thm=\write4
\openout4 = `reference-manual.thm'.

 (./reference-manual.aux)

LaTeX Font Warning: Some font shapes were not available, defaults substituted.


LaTeX Warning: There were undefined references.

 ) 
Here is how much of TeX's memory you used:
 9250 strings out of 495062
 125208 string characters out of 1182643
 319113 words of memory out of 3000000
 12253 multiletter control sequences out of 15000+50000
 13276 words of font info for 50 fonts, out of 3000000 for 9000
 28 hyphenation exceptions out of 8191
 47i,6n,97p,291b,1824s stack positions out of 5000i,500n,10000p,200000b,50000s

Output written on reference-manual.dvi (104 pages, 787928 bytes).
